[0.105s] DEBUG:colcon:Command line arguments: ['/usr/bin/colcon', 'list', '-p', '--base-paths', '/home/pierre/dev/hpp-fcl']
[0.105s] DEBUG:colcon:Parsed command line arguments: Namespace(log_base=None, log_level=None, verb_name='list', build_base='build', ignore_user_meta=False, metas=['./colcon.meta'], base_paths=['/home/pierre/dev/hpp-fcl'], packages_ignore=None, packages_ignore_regex=None, paths=None, packages_up_to=None, packages_up_to_regex=None, packages_above=None, packages_above_and_dependencies=None, packages_above_depth=None, packages_select_by_dep=None, packages_skip_by_dep=None, packages_skip_up_to=None, packages_select_build_failed=False, packages_skip_build_finished=False, packages_select_test_failures=False, packages_skip_test_passed=False, packages_select=None, packages_skip=None, packages_select_regex=None, packages_skip_regex=None, packages_start=None, packages_end=None, allow_overriding=[], topological_order=False, names_only=False, paths_only=True, topological_graph=False, topological_graph_dot=False, topological_graph_density=False, topological_graph_legend=False, topological_graph_dot_cluster=False, topological_graph_dot_include_skipped=False, mixin_files=None, mixin=None, verb_parser=<colcon_mixin.mixin.mixin_argument.MixinArgumentDecorator object at 0x76a06417e770>, verb_extension=<colcon_package_information.verb.list.ListVerb object at 0x76a06417d750>, main=<bound method ListVerb.main of <colcon_package_information.verb.list.ListVerb object at 0x76a06417d750>>, mixin_verb=('list',))
[0.283s] Level 1:colcon.colcon_core.package_discovery:discover_packages(colcon_meta) check parameters
[0.283s] INFO:colcon.colcon_metadata.package_discovery.colcon_meta:Using configuration from '/home/pierre/.colcon/metadata/default/Gazebo.meta'
[0.283s] INFO:colcon.colcon_metadata.package_discovery.colcon_meta:Using configuration from '/home/pierre/.colcon/metadata/default/fastrtps.meta'
[0.283s] Level 1:colcon.colcon_core.package_discovery:discover_packages(recursive) check parameters
[0.284s] Level 1:colcon.colcon_core.package_discovery:discover_packages(ignore) check parameters
[0.284s] Level 1:colcon.colcon_core.package_discovery:discover_packages(path) check parameters
[0.284s] Level 1:colcon.colcon_core.package_discovery:discover_packages(recursive) discover
[0.284s] INFO:colcon.colcon_core.package_discovery:Crawling recursively for packages in '/home/pierre/dev/hpp-fcl'
[0.284s] Level 1:colcon.colcon_core.package_identification:_identify(/home/pierre/dev/hpp-fcl) by extensions ['ignore', 'ignore_ament_install']
[0.284s] Level 1:colcon.colcon_core.package_identification:_identify(/home/pierre/dev/hpp-fcl) by extension 'ignore'
[0.284s] Level 1:colcon.colcon_core.package_identification:_identify(/home/pierre/dev/hpp-fcl) by extension 'ignore_ament_install'
[0.284s] Level 1:colcon.colcon_core.package_identification:_identify(/home/pierre/dev/hpp-fcl) by extensions ['colcon_pkg']
[0.284s] Level 1:colcon.colcon_core.package_identification:_identify(/home/pierre/dev/hpp-fcl) by extension 'colcon_pkg'
[0.284s] Level 1:colcon.colcon_core.package_identification:_identify(/home/pierre/dev/hpp-fcl) by extensions ['colcon_meta']
[0.284s] Level 1:colcon.colcon_core.package_identification:_identify(/home/pierre/dev/hpp-fcl) by extension 'colcon_meta'
[0.284s] Level 1:colcon.colcon_core.package_identification:_identify(/home/pierre/dev/hpp-fcl) by extensions ['ros']
[0.284s] Level 1:colcon.colcon_core.package_identification:_identify(/home/pierre/dev/hpp-fcl) by extension 'ros'
[0.319s] DEBUG:colcon.colcon_core.package_identification:Package '/home/pierre/dev/hpp-fcl' with type 'ros.cmake' and name 'hpp-fcl'
[0.319s] Level 1:colcon.colcon_core.package_discovery:discover_packages(recursive) using defaults
[0.332s] INFO:colcon.colcon_metadata.metadata.colcon_pkg:Updating descriptor of package '/home/pierre/dev/hpp-fcl' from colcon.pkg: {'hooks': ['share/hpp-fcl/hook/ament_prefix_path.dsv', 'share/hpp-fcl/hook/python_path.dsv']}
